<?xml version="1.0" encoding="UTF-8"?>
<testsuite name="com.salesforce.automation.test.SalesforceTest" time="21.685" tests="1" errors="1" skipped="0" failures="0">
  <properties>
[...]
</properties>
  <testcase name="testFeature" classname="com.salesforce.automation.test.SalesforceTest" time="21.685">
    <error message="Unable to locate element: {&quot;method&quot;:&quot;xpath&quot;,&quot;selector&quot;:&quot;.//*[@class=&apos;x-grid3-row x-grid3-row-first&apos;]//tr[1]/td[5]//span&quot;}&#10;Command duration or timeout: 15 milliseconds&#10;For documentation on this error, please visit: http://seleniumhq.org/exceptions/no_such_element.html&#10;Build info: version: &apos;2.47.1&apos;, revision: &apos;unknown&apos;, time: &apos;2015-07-30 11:02:44&apos;&#10;System info: host: &apos;WARSJ185120-JQI&apos;, ip: &apos;153.60.10.30&apos;, os.name: &apos;Windows 7&apos;, os.arch: &apos;amd64&apos;, os.version: &apos;6.1&apos;, java.version: &apos;1.7.0_71&apos;&#10;*** Element info: {Using=xpath, value=.//*[@class=&apos;x-grid3-row x-grid3-row-first&apos;]//tr[1]/td[5]//span}&#10;Session ID: 056668b8-4030-462c-beb5-f544e48f8636&#10;Driver info: org.openqa.selenium.firefox.FirefoxDriver&#10;Capabilities [{platform=WINDOWS, acceptSslCerts=true, javascriptEnabled=true, cssSelectorsEnabled=true, databaseEnabled=true, browserName=firefox, handlesAlerts=true, nativeEvents=false, webStorageEnabled=true, rotatable=false, locationContextEnabled=true, applicationCacheEnabled=true, takesScreenshot=true, version=38.0}]" type="org.openqa.selenium.NoSuchElementException"><![CDATA[org.openqa.selenium.NoSuchElementException: Unable to locate element: {"method":"xpath","selector":".//*[@class='x-grid3-row x-grid3-row-first']//tr[1]/td[5]//span"}
Command duration or timeout: 15 milliseconds
For documentation on this error, please visit: http://seleniumhq.org/exceptions/no_such_element.html
Build info: version: '2.47.1', revision: 'unknown', time: '2015-07-30 11:02:44'
System info: host: 'WARSJ185120-JQI', ip: '153.60.10.30', os.name: 'Windows 7', os.arch: 'amd64', os.version: '6.1', java.version: '1.7.0_71'
*** Element info: {Using=xpath, value=.//*[@class='x-grid3-row x-grid3-row-first']//tr[1]/td[5]//span}
Session ID: 056668b8-4030-462c-beb5-f544e48f8636
Driver info: org.openqa.selenium.firefox.FirefoxDriver
Capabilities [{platform=WINDOWS, acceptSslCerts=true, javascriptEnabled=true, cssSelectorsEnabled=true, databaseEnabled=true, browserName=firefox, handlesAlerts=true, nativeEvents=false, webStorageEnabled=true, rotatable=false, locationContextEnabled=true, applicationCacheEnabled=true, takesScreenshot=true, version=38.0}]
	at sun.reflect.NativeConstructorAccessorImpl.newInstance0(Native Method)
	at sun.reflect.NativeConstructorAccessorImpl.newInstance(NativeConstructorAccessorImpl.java:57)
	at sun.reflect.DelegatingConstructorAccessorImpl.newInstance(DelegatingConstructorAccessorImpl.java:45)
	at java.lang.reflect.Constructor.newInstance(Constructor.java:526)
	at org.openqa.selenium.remote.ErrorHandler.createThrowable(ErrorHandler.java:206)
	at org.openqa.selenium.remote.ErrorHandler.throwIfResponseFailed(ErrorHandler.java:158)
	at org.openqa.selenium.remote.RemoteWebDriver.execute(RemoteWebDriver.java:595)
	at org.openqa.selenium.remote.RemoteWebDriver.findElement(RemoteWebDriver.java:348)
	at org.openqa.selenium.remote.RemoteWebDriver.findElementByXPath(RemoteWebDriver.java:445)
	at org.openqa.selenium.By$ByXPath.findElement(By.java:358)
	at org.openqa.selenium.remote.RemoteWebDriver.findElement(RemoteWebDriver.java:340)
	at com.salesforce.pageobjects.LeadsPage.getDefaultName(LeadsPage.java:108)
	at com.salesforce.automation.test.SalesforceTest.testFeature(SalesforceTest.java:76)
Caused by: org.openqa.selenium.NoSuchElementException: Unable to locate element: {"method":"xpath","selector":".//*[@class='x-grid3-row x-grid3-row-first']//tr[1]/td[5]//span"}
For documentation on this error, please visit: http://seleniumhq.org/exceptions/no_such_element.html
Build info: version: '2.47.1', revision: 'unknown', time: '2015-07-30 11:02:44'
System info: host: 'WARSJ185120-JQI', ip: '153.60.10.30', os.name: 'Windows 7', os.arch: 'amd64', os.version: '6.1', java.version: '1.7.0_71'
Driver info: driver.version: unknown
	at <anonymous class>.FirefoxDriver.prototype.findElementInternal_(file:///C:/Users/sj185120/AppData/Local/Temp/anonymous5613061337974364309webdriver-profile/extensions/fxdriver@googlecode.com/components/driver-component.js:10667)
	at <anonymous class>.FirefoxDriver.prototype.findElement(file:///C:/Users/sj185120/AppData/Local/Temp/anonymous5613061337974364309webdriver-profile/extensions/fxdriver@googlecode.com/components/driver-component.js:10676)
	at <anonymous class>.DelayedCommand.prototype.executeInternal_/h(file:///C:/Users/sj185120/AppData/Local/Temp/anonymous5613061337974364309webdriver-profile/extensions/fxdriver@googlecode.com/components/command-processor.js:12643)
	at <anonymous class>.DelayedCommand.prototype.executeInternal_(file:///C:/Users/sj185120/AppData/Local/Temp/anonymous5613061337974364309webdriver-profile/extensions/fxdriver@googlecode.com/components/command-processor.js:12648)
	at <anonymous class>.DelayedCommand.prototype.execute/<(file:///C:/Users/sj185120/AppData/Local/Temp/anonymous5613061337974364309webdriver-profile/extensions/fxdriver@googlecode.com/components/command-processor.js:12590)
]]></error>
    <system-out><![CDATA[04/Sep/2015 14:46:44,433- LoginPage: Searching for Locator : By.id: username
04/Sep/2015 14:46:44,621- LoginPage: Entering text demo_user@salesforce.com @ Locator : By.id: username
04/Sep/2015 14:46:44,730- LoginPage: Entering text jVpGt4qiPjVpGt4qiP @ Locator : By.id: password
04/Sep/2015 14:46:44,951- LoginPage: Clicking Locator : By.id: Login
04/Sep/2015 14:46:45,032- HomePage: Searching for Locator : By.xpath: .//*[@class='currentStatusUserName']
04/Sep/2015 14:46:51,656- HomePage: Searching for Locator : By.xpath: .//*[@class='currentStatusUserName']
04/Sep/2015 14:46:51,696- HomePage: Clicking Locator : By.xpath: .//*[@id='toolbar']/div/div/span[(@class='menuButtonLabel') and text()='Sales']/../../div[@class='menuButtonButton']
04/Sep/2015 14:46:52,173- HomePage: Clicking Locator : By.xpath: .//*[@class='zen']/div[contains(@class,'zen-hasTabOrganizer')]//*/li/a[text()='Leads']
04/Sep/2015 14:46:52,250- LeadsPage: Searching for Locator : By.xpath: .//*[@class='zen']/div[contains(@class,'zen-hasTabOrganizer')]//*/li/a[text()='Leads']/../span
04/Sep/2015 14:46:53,065- HomePage: Clicking Locator : By.xpath: .//*[@class='zen']/div[contains(@class,'zen-hasTabOrganizer')]//*/li/a[text()='Leads']
04/Sep/2015 14:46:53,123- LeadsPage: Searching for Locator : By.xpath: .//*[@class='zen']/div[contains(@class,'zen-hasTabOrganizer')]//*/li/a[text()='Leads']/../span
04/Sep/2015 14:46:54,172- LeadsPage: Searching for Locator : By.xpath: .//*[@class='filterOverview']//select[@id='fcf']
04/Sep/2015 14:46:55,774- LeadsPage: Searching for Locator : By.xpath: .//*[@class='x-grid3-row x-grid3-row-first']//tr[1]/td[5]//span
04/Sep/2015 14:47:01,270- LeadsPage: Timed out after 5 seconds waiting for com.salesforce.pageobjects.Page$5@6be0af27
Build info: version: '2.47.1', revision: 'unknown', time: '2015-07-30 11:02:44'
System info: host: 'WARSJ185120-JQI', ip: '153.60.10.30', os.name: 'Windows 7', os.arch: 'amd64', os.version: '6.1', java.version: '1.7.0_71'
Session ID: 056668b8-4030-462c-beb5-f544e48f8636
Driver info: org.openqa.selenium.firefox.FirefoxDriver
Capabilities [{platform=WINDOWS, acceptSslCerts=true, javascriptEnabled=true, cssSelectorsEnabled=true, databaseEnabled=true, browserName=firefox, handlesAlerts=true, nativeEvents=false, webStorageEnabled=true, rotatable=false, locationContextEnabled=true, applicationCacheEnabled=true, takesScreenshot=true, version=38.0}]
]]></system-out>
  </testcase>
</testsuite>